Using pre-set license
Built from '2020.3/staging' branch; Version is '2020.3.10f1 (297d780c91bc) revision 2719096'; Using compiler version '192528614'; Build Type 'Release'
OS: 'Windows 10 Pro; OS build 19043.1237; Version 2009; 64bit' Language: 'pt' Physical Memory: 16333 MB
BatchMode: 1, IsHumanControllingUs: 0, StartBugReporterOnCrash: 0, Is64bit: 1, IsPro: 0

 COMMAND LINE ARGUMENTS:
D:\Programas\Unity\2020.3.10f1\Editor\Unity.exe
-adb2
-batchMode
-noUpm
-name
AssetImportWorker0
-projectPath
E:/PCBJ/PCBJ---Jodo-da-Forca/Jogo Forca
-logFile
Logs/AssetImportWorker0.log
-srvPort
62015
Successfully changed project path to: E:/PCBJ/PCBJ---Jodo-da-Forca/Jogo Forca
E:/PCBJ/PCBJ---Jodo-da-Forca/Jogo Forca
Using Asset Import Pipeline V2.
Refreshing native plugins compatible for Editor in 33.55 ms, found 3 plugins.
Preloading 0 native plugins for Editor in 0.00 ms.
Initialize engine version: 2020.3.10f1 (297d780c91bc)
[Subsystems] Discovering subsystems at path D:/Programas/Unity/2020.3.10f1/Editor/Data/Resources/UnitySubsystems
[Subsystems] Discovering subsystems at path E:/PCBJ/PCBJ---Jodo-da-Forca/Jogo Forca/Assets
GfxDevice: creating device client; threaded=0
Direct3D:
    Version:  Direct3D 11.0 [level 11.1]
    Renderer: NVIDIA GeForce RTX 2060 (ID=0x1f08)
    Vendor:   
    VRAM:     5980 MB
    Driver:   30.0.14.7168
Initialize mono
Mono path[0] = 'D:/Programas/Unity/2020.3.10f1/Editor/Data/Managed'
Mono path[1] = 'D:/Programas/Unity/2020.3.10f1/Editor/Data/MonoBleedingEdge/lib/mono/unityjit'
Mono config path = 'D:/Programas/Unity/2020.3.10f1/Editor/Data/MonoBleedingEdge/etc'
Using monoOptions --debugger-agent=transport=dt_socket,embedding=1,server=y,suspend=n,address=127.0.0.1:56024
Begin MonoManager ReloadAssembly
Registering precompiled unity dll's ...
Register platform support module: D:/Programas/Unity/2020.3.10f1/Editor/Data/PlaybackEngines/WebGLSupport/UnityEditor.WebGL.Extensions.dll
Register platform support module: D:/Programas/Unity/2020.3.10f1/Editor/Data/PlaybackEngines/WindowsStandaloneSupport/UnityEditor.WindowsStandalone.Extensions.dll
Registered in 0.001098 seconds.
Native extension for WindowsStandalone target not found
Native extension for WebGL target not found
Refreshing native plugins compatible for Editor in 32.62 ms, found 3 plugins.
Preloading 0 native plugins for Editor in 0.00 ms.
Mono: successfully reloaded assembly
- Completed reload, in  1.203 seconds
Platform modules already initialized, skipping
Registering precompiled user dll's ...
Registered in 0.002469 seconds.
Begin MonoManager ReloadAssembly
Native extension for WindowsStandalone target not found
Native extension for WebGL target not found
Refreshing native plugins compatible for Editor in 36.22 ms, found 3 plugins.
Preloading 0 native plugins for Editor in 0.00 ms.
Mono: successfully reloaded assembly
- Completed reload, in  0.935 seconds
Platform modules already initialized, skipping
========================================================================
Worker process is ready to serve import requests
Launched and connected shader compiler UnityShaderCompiler.exe after 0.04 seconds
Refreshing native plugins compatible for Editor in 0.37 ms, found 3 plugins.
Preloading 0 native plugins for Editor in 0.00 ms.
Unloading 2082 Unused Serialized files (Serialized files now loaded: 0)
System memory in use before: 92.9 MB.
System memory in use after: 92.9 MB.

Unloading 33 unused Assets to reduce memory usage. Loaded Objects now: 2516.
Total: 2.195600 ms (FindLiveObjects: 0.180800 ms CreateObjectMapping: 0.068500 ms MarkObjects: 1.784300 ms  DeleteObjects: 0.161200 ms)

========================================================================
Received Import Request.
  path: Assets/Scenes/creditScene.unity
  artifactKey: Guid(fbbced9acf941ac47bcc8be763ecbe7e) Importer(815301076,1909f56bfc062723c751e8b465ee728b)
Start importing Assets/Scenes/creditScene.unity using Guid(fbbced9acf941ac47bcc8be763ecbe7e) Importer(815301076,1909f56bfc062723c751e8b465ee728b)  -> (artifact id: 'b61c7b1de34aa653a3e926877da043b0') in 0.010527 seconds
  Import took 0.013334 seconds .

========================================================================
Received Import Request.
  Time since last request: 0.000262 seconds.
  path: Assets/Scenes
  artifactKey: Guid(7d6f1849fc9e78f42855a5676e3d1f10) Importer(815301076,1909f56bfc062723c751e8b465ee728b)
Start importing Assets/Scenes using Guid(7d6f1849fc9e78f42855a5676e3d1f10) Importer(815301076,1909f56bfc062723c751e8b465ee728b)  -> (artifact id: '6d06ead28b1de7f3e71ba02481b520dd') in 0.000691 seconds
  Import took 0.002791 seconds .

========================================================================
Received Import Request.
  Time since last request: 151.072281 seconds.
  path: Assets/Audio/creditSoung.wav
  artifactKey: Guid(9cf35814697418e49b417fd8ed1ae11e) Importer(815301076,1909f56bfc062723c751e8b465ee728b)
Start importing Assets/Audio/creditSoung.wav using Guid(9cf35814697418e49b417fd8ed1ae11e) Importer(815301076,1909f56bfc062723c751e8b465ee728b)  -> (artifact id: 'f7e5bc3e610ac6e407a7c8da095dc06d') in 0.127553 seconds
  Import took 0.130466 seconds .

========================================================================
Received Import Request.
  Time since last request: 0.000203 seconds.
  path: Assets/Audio/startSceneSound.wav
  artifactKey: Guid(a84cd333dbe64e841a449f1d8e051f2e) Importer(815301076,1909f56bfc062723c751e8b465ee728b)
Start importing Assets/Audio/startSceneSound.wav using Guid(a84cd333dbe64e841a449f1d8e051f2e) Importer(815301076,1909f56bfc062723c751e8b465ee728b)  -> (artifact id: '2f25cacc556dc16a0e4fe357eb606fd7') in 0.010347 seconds
  Import took 0.013064 seconds .

========================================================================
Received Import Request.
  Time since last request: 0.000256 seconds.
  path: Assets/Audio/winSong.wav
  artifactKey: Guid(99424a54591210341aa91ef64d828c87) Importer(815301076,1909f56bfc062723c751e8b465ee728b)
Start importing Assets/Audio/winSong.wav using Guid(99424a54591210341aa91ef64d828c87) Importer(815301076,1909f56bfc062723c751e8b465ee728b)  -> (artifact id: 'f7c98c657e75b457c85955cc7fbb194d') in 0.005608 seconds
  Import took 0.008986 seconds .

========================================================================
Received Import Request.
  Time since last request: 0.000258 seconds.
  path: Assets/Audio/creditSoung.wav
  artifactKey: Guid(9cf35814697418e49b417fd8ed1ae11e) Importer(815301076,1909f56bfc062723c751e8b465ee728b)
Start importing Assets/Audio/creditSoung.wav using Guid(9cf35814697418e49b417fd8ed1ae11e) Importer(815301076,1909f56bfc062723c751e8b465ee728b)  -> (artifact id: 'f7e5bc3e610ac6e407a7c8da095dc06d') in 0.008423 seconds
  Import took 0.011712 seconds .

========================================================================
Received Import Request.
  Time since last request: 0.000232 seconds.
  path: Assets/Audio/gameSceneSound.wav
  artifactKey: Guid(e1670a0eac153bf42997c555313ecfe8) Importer(815301076,1909f56bfc062723c751e8b465ee728b)
Start importing Assets/Audio/gameSceneSound.wav using Guid(e1670a0eac153bf42997c555313ecfe8) Importer(815301076,1909f56bfc062723c751e8b465ee728b)  -> (artifact id: 'a5924e68aca89418ffa260c659b75584') in 0.011180 seconds
  Import took 0.013866 seconds .

========================================================================
Received Import Request.
  Time since last request: 0.000239 seconds.
  path: Assets/Prefabs/letra.prefab
  artifactKey: Guid(848e7e53c057afb419b9889a8f22660a) Importer(815301076,1909f56bfc062723c751e8b465ee728b)
Start importing Assets/Prefabs/letra.prefab using Guid(848e7e53c057afb419b9889a8f22660a) Importer(815301076,1909f56bfc062723c751e8b465ee728b)  -> (artifact id: 'acf40d0e2a900df0fbdcad73586c844d') in 0.019289 seconds
  Import took 0.022541 seconds .

========================================================================
Received Import Request.
  Time since last request: 11.182117 seconds.
  path: Assets/Scripts
  artifactKey: Guid(9b413e0441c778c42878343412dcc89b) Importer(815301076,1909f56bfc062723c751e8b465ee728b)
Start importing Assets/Scripts using Guid(9b413e0441c778c42878343412dcc89b) Importer(815301076,1909f56bfc062723c751e8b465ee728b)  -> (artifact id: 'a8c7fcf3e9d16f3f76b5b609c3d31462') in 0.000955 seconds
  Import took 0.003741 seconds .

========================================================================
Received Import Request.
  Time since last request: 46.330967 seconds.
  path: Assets/Scripts/ManageBotoes.cs
  artifactKey: Guid(66b71b14625fb4c4180f9e2ac3b0d8d4) Importer(815301076,1909f56bfc062723c751e8b465ee728b)
Start importing Assets/Scripts/ManageBotoes.cs using Guid(66b71b14625fb4c4180f9e2ac3b0d8d4) Importer(815301076,1909f56bfc062723c751e8b465ee728b)  -> (artifact id: '96c2192e1881b117bdfc4aba19be4124') in 0.003585 seconds
  Import took 0.007441 seconds .

========================================================================
Received Import Request.
  Time since last request: 84.320299 seconds.
  path: Assets/Scripts/GameManager.cs
  artifactKey: Guid(726d15857f6ff1c4d89d7fef1f3c782d) Importer(815301076,1909f56bfc062723c751e8b465ee728b)
Start importing Assets/Scripts/GameManager.cs using Guid(726d15857f6ff1c4d89d7fef1f3c782d) Importer(815301076,1909f56bfc062723c751e8b465ee728b)  -> (artifact id: '470e09164121b28b4cc1bdde79dfaada') in 0.001337 seconds
  Import took 0.004480 seconds .

========================================================================
Received Import Request.
  Time since last request: 0.000941 seconds.
  path: Assets/Scripts/GameManager.cs
  artifactKey: Guid(726d15857f6ff1c4d89d7fef1f3c782d) Importer(815301076,1909f56bfc062723c751e8b465ee728b)
Start importing Assets/Scripts/GameManager.cs using Guid(726d15857f6ff1c4d89d7fef1f3c782d) Importer(815301076,1909f56bfc062723c751e8b465ee728b)  -> (artifact id: '470e09164121b28b4cc1bdde79dfaada') in 0.000969 seconds
  Import took 0.003738 seconds .

========================================================================
Received Import Request.
  Time since last request: 3.577104 seconds.
  path: Assets/Scripts/GabaritoScript.cs
  artifactKey: Guid(6f24f9b8516d57d4eb67b012f0293245) Importer(815301076,1909f56bfc062723c751e8b465ee728b)
Start importing Assets/Scripts/GabaritoScript.cs using Guid(6f24f9b8516d57d4eb67b012f0293245) Importer(815301076,1909f56bfc062723c751e8b465ee728b)  -> (artifact id: '02d59397198e34a4e81d7a3a6e5093f7') in 0.001156 seconds
  Import took 0.003898 seconds .

========================================================================
Received Import Request.
  Time since last request: 0.000612 seconds.
  path: Assets/Scripts/GabaritoScript.cs
  artifactKey: Guid(6f24f9b8516d57d4eb67b012f0293245) Importer(815301076,1909f56bfc062723c751e8b465ee728b)
Start importing Assets/Scripts/GabaritoScript.cs using Guid(6f24f9b8516d57d4eb67b012f0293245) Importer(815301076,1909f56bfc062723c751e8b465ee728b)  -> (artifact id: '02d59397198e34a4e81d7a3a6e5093f7') in 0.001207 seconds
  Import took 0.004308 seconds .

========================================================================
Received Import Request.
  Time since last request: 27.301869 seconds.
  path: Assets/Scenes/startScene.unity
  artifactKey: Guid(10569b59720dd064cbf7ef0ff47503ec) Importer(815301076,1909f56bfc062723c751e8b465ee728b)
Start importing Assets/Scenes/startScene.unity using Guid(10569b59720dd064cbf7ef0ff47503ec) Importer(815301076,1909f56bfc062723c751e8b465ee728b)  -> (artifact id: 'b4dcdf8ff541a9727a6028860ba5827b') in 0.001911 seconds
  Import took 0.004992 seconds .

========================================================================
Received Import Request.
  Time since last request: 17.333264 seconds.
  path: Assets/Scenes/creditScene.unity
  artifactKey: Guid(fbbced9acf941ac47bcc8be763ecbe7e) Importer(815301076,1909f56bfc062723c751e8b465ee728b)
Start importing Assets/Scenes/creditScene.unity using Guid(fbbced9acf941ac47bcc8be763ecbe7e) Importer(815301076,1909f56bfc062723c751e8b465ee728b)  -> (artifact id: 'd1e60c448037fa258a37b6deb675c206') in 0.001971 seconds
  Import took 0.005032 seconds .

========================================================================
Received Import Request.
  Time since last request: 0.002527 seconds.
  path: Assets/Scenes/creditScene.unity
  artifactKey: Guid(fbbced9acf941ac47bcc8be763ecbe7e) Importer(815301076,1909f56bfc062723c751e8b465ee728b)
Start importing Assets/Scenes/creditScene.unity using Guid(fbbced9acf941ac47bcc8be763ecbe7e) Importer(815301076,1909f56bfc062723c751e8b465ee728b)  -> (artifact id: 'd1e60c448037fa258a37b6deb675c206') in 0.001416 seconds
  Import took 0.004302 seconds .

========================================================================
Received Import Request.
  Time since last request: 24.430906 seconds.
  path: Assets/Scenes/creditScene.unity
  artifactKey: Guid(fbbced9acf941ac47bcc8be763ecbe7e) Importer(815301076,1909f56bfc062723c751e8b465ee728b)
Start importing Assets/Scenes/creditScene.unity using Guid(fbbced9acf941ac47bcc8be763ecbe7e) Importer(815301076,1909f56bfc062723c751e8b465ee728b)  -> (artifact id: 'a314c104ee49d1bf73215d0805a89f26') in 0.001698 seconds
  Import took 0.004967 seconds .

========================================================================
Received Import Request.
  Time since last request: 148.005434 seconds.
  path: Assets/Prefabs
  artifactKey: Guid(613b62f9646e406409eaa46c9892489a) Importer(815301076,1909f56bfc062723c751e8b465ee728b)
Start importing Assets/Prefabs using Guid(613b62f9646e406409eaa46c9892489a) Importer(815301076,1909f56bfc062723c751e8b465ee728b)  -> (artifact id: 'd3a218296d36406ccfd6f87368b1bedf') in 0.001466 seconds
  Import took 0.004957 seconds .

========================================================================
Received Import Request.
  Time since last request: 32.586248 seconds.
  path: Assets/Scenes/creditScene.unity
  artifactKey: Guid(fbbced9acf941ac47bcc8be763ecbe7e) Importer(815301076,1909f56bfc062723c751e8b465ee728b)
Start importing Assets/Scenes/creditScene.unity using Guid(fbbced9acf941ac47bcc8be763ecbe7e) Importer(815301076,1909f56bfc062723c751e8b465ee728b)  -> (artifact id: '0747556b1e57d950cc860881b8ea366f') in 0.001597 seconds
  Import took 0.004489 seconds .

========================================================================
Received Prepare
Registering precompiled user dll's ...
Registered in 0.002473 seconds.
Begin MonoManager ReloadAssembly
Native extension for WindowsStandalone target not found
Native extension for WebGL target not found
Refreshing native plugins compatible for Editor in 0.38 ms, found 3 plugins.
Preloading 0 native plugins for Editor in 0.00 ms.
Mono: successfully reloaded assembly
- Completed reload, in  0.812 seconds
Platform modules already initialized, skipping
Refreshing native plugins compatible for Editor in 0.37 ms, found 3 plugins.
Preloading 0 native plugins for Editor in 0.00 ms.
Unloading 2077 Unused Serialized files (Serialized files now loaded: 0)
System memory in use before: 96.0 MB.
System memory in use after: 96.0 MB.

Unloading 21 unused Assets to reduce memory usage. Loaded Objects now: 2531.
Total: 2.116300 ms (FindLiveObjects: 0.184000 ms CreateObjectMapping: 0.118600 ms MarkObjects: 1.718600 ms  DeleteObjects: 0.094300 ms)

========================================================================
Received Import Request.
  Time since last request: 124.442581 seconds.
  path: Assets/Scenes/startScene 1.unity
  artifactKey: Guid(bc7848b73d27ed34d9adaa1438f3167a) Importer(815301076,1909f56bfc062723c751e8b465ee728b)
Start importing Assets/Scenes/startScene 1.unity using Guid(bc7848b73d27ed34d9adaa1438f3167a) Importer(815301076,1909f56bfc062723c751e8b465ee728b)  -> (artifact id: '855f84b4b82d2c98c60592ea56658e1d') in 0.010135 seconds
  Import took 0.013117 seconds .

========================================================================
Received Prepare
Registering precompiled user dll's ...
Registered in 0.002259 seconds.
Begin MonoManager ReloadAssembly
Native extension for WindowsStandalone target not found
Native extension for WebGL target not found
Refreshing native plugins compatible for Editor in 0.41 ms, found 3 plugins.
Preloading 0 native plugins for Editor in 0.00 ms.
Mono: successfully reloaded assembly
- Completed reload, in  0.818 seconds
Platform modules already initialized, skipping
Refreshing native plugins compatible for Editor in 0.55 ms, found 3 plugins.
Preloading 0 native plugins for Editor in 0.00 ms.
Unloading 2077 Unused Serialized files (Serialized files now loaded: 0)
System memory in use before: 96.0 MB.
System memory in use after: 96.0 MB.

Unloading 21 unused Assets to reduce memory usage. Loaded Objects now: 2535.
Total: 2.171500 ms (FindLiveObjects: 0.176900 ms CreateObjectMapping: 0.059300 ms MarkObjects: 1.841900 ms  DeleteObjects: 0.092800 ms)

========================================================================
Received Prepare
Registering precompiled user dll's ...
Registered in 0.002074 seconds.
Begin MonoManager ReloadAssembly
Native extension for WindowsStandalone target not found
Native extension for WebGL target not found
Refreshing native plugins compatible for Editor in 0.39 ms, found 3 plugins.
Preloading 0 native plugins for Editor in 0.00 ms.
Mono: successfully reloaded assembly
- Completed reload, in  0.820 seconds
Platform modules already initialized, skipping
Refreshing native plugins compatible for Editor in 0.49 ms, found 3 plugins.
Preloading 0 native plugins for Editor in 0.00 ms.
Unloading 2077 Unused Serialized files (Serialized files now loaded: 0)
System memory in use before: 96.1 MB.
System memory in use after: 96.0 MB.

Unloading 21 unused Assets to reduce memory usage. Loaded Objects now: 2539.
Total: 2.314900 ms (FindLiveObjects: 0.176500 ms CreateObjectMapping: 0.060200 ms MarkObjects: 1.940800 ms  DeleteObjects: 0.136500 ms)

AssetImportWorkerClient::OnTransportError - code=2 error=End of file
